<?xml version="1.0" encoding="UTF-8"?>
<testsuite xmlns:xsi="http://www.w3.org/2001/XMLSchema-instance" xsi:noNamespaceSchemaLocation="https://maven.apache.org/surefire/maven-failsafe-plugin/xsd/failsafe-test-report.xsd" name="com.gdn.qa.module.ui.test.CucumberRunner" time="56.952" tests="18" errors="2" skipped="6" failures="2">
  <properties>
[...]
</properties>
  <testcase name="[badak-app] prepare get project request data" classname="As A user I want to get data project list in Badak App" time="0.328"/>
  <testcase name="[badak-app] send get project request" classname="As A user I want to get data project list in Badak App" time="5.013"/>
  <testcase name="[badak-app] the schema should be same" classname="As A user I want to get data project list in Badak App" time="0.09"/>
  <testcase name="[badak-app] response time must be less than &apos;2000&apos; &apos;MILLISECONDS&apos;" classname="As A user I want to get data project list in Badak App" time="0.032">
    <failure message="Response Time is More than 2000 seconds&#10;Expected: a value less than or equal to &lt;2000L&gt;&#10;     but: &lt;2544L&gt; was greater than &lt;2000L&gt;" type="java.lang.AssertionError"><![CDATA[java.lang.AssertionError: 
Response Time is More than 2000 seconds
Expected: a value less than or equal to <2000L>
     but: <2544L> was greater than <2000L>
]]></failure>
    <system-out><![CDATA[time:2544
]]></system-out>
  </testcase>
  <testcase name="As A user I want to get data project list in Badak App" classname="As A user I want to get data project list in Badak App" time="0.166">
    <failure message="Response Time is More than 2000 seconds&#10;Expected: a value less than or equal to &lt;2000L&gt;&#10;     but: &lt;2544L&gt; was greater than &lt;2000L&gt;" type="java.lang.AssertionError"><![CDATA[java.lang.AssertionError: 
Response Time is More than 2000 seconds
Expected: a value less than or equal to <2000L>
     but: <2544L> was greater than <2000L>
]]></failure>
    <system-out><![CDATA[2021-09-30 20:00:42.029 ERROR 6788 --- [           main] n.t.core.steps.ConsoleLoggingListener    : 
           __  _____ _____ ____ _____   _____ _    ___ _     _____ ____  
  _       / / |_   _| ____/ ___|_   _| |  ___/ \  |_ _| |   | ____|  _ \ 
 (_)_____| |    | | |  _| \___ \ | |   | |_ / _ \  | || |   |  _| | | | |
  _|_____| |    | | | |___ ___) || |   |  _/ ___ \ | || |___| |___| |_| |
 (_)     | |    |_| |_____|____/ |_|   |_|/_/   \_\___|_____|_____|____/ 
          \_\                                                            

TEST FAILED: As A user I want to get data project list in Badak App
--------------------------------------------------------------------------
2021-09-30 20:00:42.149 ERROR 6788 --- [           main] n.t.core.steps.ConsoleLoggingListener    : TEST FAILED AT STEP And [badak-app] response time must be less than '2000' 'MILLISECONDS'
2021-09-30 20:00:42.149 ERROR 6788 --- [           main] n.t.core.steps.ConsoleLoggingListener    : Response Time is More than 2000 secondsExpected: a value less than or equal to <2000L> but: <2544L> was greater than <2000L>
]]></system-out>
  </testcase>
  <testcase name="the user is on the Wikionary home page" classname="Looking up the definition of &apos;apple&apos;" time="11.918"/>
  <testcase name="the user looks up the definition of the word &apos;apple&apos;" classname="Looking up the definition of &apos;apple&apos;" time="5.141"/>
  <testcase name="they should see the definition &apos;A common, round fruit produced by the tree Malus domestica, cultivated in temperate climates.&apos;" classname="Looking up the definition of &apos;apple&apos;" time="2.509"/>
  <testcase name="Looking up the definition of &apos;apple&apos;" classname="Looking up the definition of &apos;apple&apos;" time="3.307"/>
  <testcase name="[x-cart] prepare delete pending cart request with properties data" classname="Order using api until FP" time="0.105"/>
  <testcase name="[x-cart] send delete pending cart request" classname="Order using api until FP" time="21.057">
    <error message="Some exception during recording fields" type="java.lang.RuntimeException">java.lang.RuntimeException: Some exception during recording fields
Caused by: java.net.ConnectException: Connection timed out: connect
</error>
    <system-out><![CDATA[Request method:	DELETE
Request URI:	http://xcartapp-01.uata.lokal:8080/x-cart/pendingcart/deletePendingCart?clientId=web&requestId=1&storeId=10001&channelId=web&cartId=testsatu%40mailinator.com&requestParams=%7B%7D
Proxy:			<none>
Request params:	<none>
Query params:	clientId=web
				requestId=1
				storeId=10001
				channelId=web
				cartId=testsatu@mailinator.com
				requestParams={}
Form params:	<none>
Path params:	<none>
Headers:		accept=application/json
				Content-Type=application/json; charset=UTF-8
Cookies:		<none>
Multiparts:		<none>
Body:			<none>
]]></system-out>
  </testcase>
  <testcase name="[x-cart] delete pending cart response should be true" classname="Order using api until FP" time="0">
    <skipped message="This step is skipped"/>
  </testcase>
  <testcase name="[x-cart] prepare add to cart request with properties data" classname="Order using api until FP" time="0">
    <skipped message="This step is skipped"/>
  </testcase>
  <testcase name="[x-cart] send add to cart request" classname="Order using api until FP" time="0">
    <skipped message="This step is skipped"/>
  </testcase>
  <testcase name="[x-cart] add to cart response should be true" classname="Order using api until FP" time="0">
    <skipped message="This step is skipped"/>
  </testcase>
  <testcase name="[x-cart] add to cart response has more or equal than 1 sku in cartItems" classname="Order using api until FP" time="0">
    <skipped message="This step is skipped"/>
  </testcase>
  <testcase name="[x-cart] add to cart response should have same item sku in cartItems" classname="Order using api until FP" time="0">
    <skipped message="This step is skipped"/>
  </testcase>
  <testcase name="Order using api until FP" classname="Order using api until FP" time="0.042">
    <error message="Some exception during recording fields" type="java.lang.RuntimeException">java.lang.RuntimeException: Some exception during recording fields
Caused by: java.net.ConnectException: Connection timed out: connect
</error>
    <system-out><![CDATA[2021-09-30 20:01:24.522 ERROR 6788 --- [           main] n.t.core.steps.ConsoleLoggingListener    : 
           __  _____ _____ ____ _____   _____ _    ___ _     _____ ____  
  _       / / |_   _| ____/ ___|_   _| |  ___/ \  |_ _| |   | ____|  _ \ 
 (_)_____| |    | | |  _| \___ \ | |   | |_ / _ \  | || |   |  _| | | | |
  _|_____| |    | | | |___ ___) || |   |  _/ ___ \ | || |___| |___| |_| |
 (_)     | |    |_| |_____|____/ |_|   |_|/_/   \_\___|_____|_____|____/ 
          \_\                                                            

TEST FAILED WITH ERROR: Order using api until FP
---------------------------------------------------------------------
2021-09-30 20:01:24.524 ERROR 6788 --- [           main] n.t.core.steps.ConsoleLoggingListener    : TEST FAILED AT STEP DELETE
2021-09-30 20:01:24.525 ERROR 6788 --- [           main] n.t.core.steps.ConsoleLoggingListener    : Connection timed out: connect
]]></system-out>
  </testcase>
</testsuite>